<?xml version="1.0" encoding="UTF-8"?>
<!-- Generated by org.testng.reporters.JUnitXMLReporter -->
<testsuite ignored="8" hostname="DESKTOP-EHC392M" failures="0" tests="5" name="TestRunner-1" time="0.581" errors="0" timestamp="2022-03-30T14:42:29 IST">
  <testcase classname="com.vtiger.genericLibrary.BaseClass" name="@BeforeClass bcConfig" time="0.109">
    <failure type="java.lang.IllegalStateException" message="The path to the driver executable must be set by the webdriver.chrome.driver system property; for more information, see https://github.com/SeleniumHQ/selenium/wiki/ChromeDriver. The latest version can be downloaded from http://chromedriver.storage.googleapis.com/index.html">
      <![CDATA[java.lang.IllegalStateException: The path to the driver executable must be set by the webdriver.chrome.driver system property; for more information, see https://github.com/SeleniumHQ/selenium/wiki/ChromeDriver. The latest version can be downloaded from http://chromedriver.storage.googleapis.com/index.html
at com.google.common.base.Preconditions.checkState(Preconditions.java:847)
at org.openqa.selenium.remote.service.DriverService.findExecutable(DriverService.java:134)
at org.openqa.selenium.chrome.ChromeDriverService.access$000(ChromeDriverService.java:35)
at org.openqa.selenium.chrome.ChromeDriverService$Builder.findDefaultExecutable(ChromeDriverService.java:159)
at org.openqa.selenium.remote.service.DriverService$Builder.build(DriverService.java:355)
at org.openqa.selenium.chrome.ChromeDriverService.createDefaultService(ChromeDriverService.java:94)
at org.openqa.selenium.chrome.ChromeDriver.<init>(ChromeDriver.java:123)
at com.vtiger.genericLibrary.BaseClass.bcConfig(BaseClass.java:43)
at java.base/java.util.ArrayList.forEach(ArrayList.java:1511)
at java.base/java.util.concurrent.FutureTask.run(FutureTask.java:264)
at java.base/java.util.concurrent.ThreadPoolExecutor.runWorker(ThreadPoolExecutor.java:1136)
at java.base/java.util.concurrent.ThreadPoolExecutor$Worker.run(ThreadPoolExecutor.java:635)
at java.base/java.lang.Thread.run(Thread.java:833)
... Removed 16 stack frames]]>
    </failure>
  </testcase> <!-- @BeforeClass bcConfig -->
  <testcase classname="com.vtiger.genericLibrary.BaseClass" name="@BeforeMethod bmConfig" time="-1.64863154873E9">
    <skipped/>
  </testcase> <!-- @BeforeMethod bmConfig -->
  <testcase classname="com.vtiger.genericLibrary.BaseClass" name="@AfterMethod amConfig" time="-1.648631548778E9">
    <skipped/>
  </testcase> <!-- @AfterMethod amConfig -->
  <testcase classname="com.vtiger.genericLibrary.BaseClass" name="@AfterClass acConfig" time="-1.648631548789E9">
    <skipped/>
  </testcase> <!-- @AfterClass acConfig -->
  <testcase classname="com.vtiger.genericLibrary.BaseClass" name="@BeforeClass bcConfig" time="0.011">
    <failure type="java.lang.IllegalStateException" message="The path to the driver executable must be set by the webdriver.chrome.driver system property; for more information, see https://github.com/SeleniumHQ/selenium/wiki/ChromeDriver. The latest version can be downloaded from http://chromedriver.storage.googleapis.com/index.html">
      <![CDATA[java.lang.IllegalStateException: The path to the driver executable must be set by the webdriver.chrome.driver system property; for more information, see https://github.com/SeleniumHQ/selenium/wiki/ChromeDriver. The latest version can be downloaded from http://chromedriver.storage.googleapis.com/index.html
at com.google.common.base.Preconditions.checkState(Preconditions.java:847)
at org.openqa.selenium.remote.service.DriverService.findExecutable(DriverService.java:134)
at org.openqa.selenium.chrome.ChromeDriverService.access$000(ChromeDriverService.java:35)
at org.openqa.selenium.chrome.ChromeDriverService$Builder.findDefaultExecutable(ChromeDriverService.java:159)
at org.openqa.selenium.remote.service.DriverService$Builder.build(DriverService.java:355)
at org.openqa.selenium.chrome.ChromeDriverService.createDefaultService(ChromeDriverService.java:94)
at org.openqa.selenium.chrome.ChromeDriver.<init>(ChromeDriver.java:123)
at com.vtiger.genericLibrary.BaseClass.bcConfig(BaseClass.java:43)
at java.base/java.util.ArrayList.forEach(ArrayList.java:1511)
at java.base/java.util.concurrent.FutureTask.run(FutureTask.java:264)
at java.base/java.util.concurrent.ThreadPoolExecutor.runWorker(ThreadPoolExecutor.java:1136)
at java.base/java.util.concurrent.ThreadPoolExecutor$Worker.run(ThreadPoolExecutor.java:635)
at java.base/java.lang.Thread.run(Thread.java:833)
... Removed 16 stack frames]]>
    </failure>
  </testcase> <!-- @BeforeClass bcConfig -->
  <testcase classname="com.vtiger.genericLibrary.BaseClass" name="@BeforeMethod bmConfig" time="-1.648631548818E9">
    <skipped/>
  </testcase> <!-- @BeforeMethod bmConfig -->
  <testcase classname="com.vtiger.genericLibrary.BaseClass" name="@AfterMethod amConfig" time="-1.648631548854E9">
    <skipped/>
  </testcase> <!-- @AfterMethod amConfig -->
  <testcase classname="com.vtiger.genericLibrary.BaseClass" name="@AfterClass acConfig" time="-1.648631548863E9">
    <skipped/>
  </testcase> <!-- @AfterClass acConfig -->
  <testcase classname="com.vtiger.genericLibrary.BaseClass" name="@BeforeClass bcConfig" time="0.008">
    <failure type="java.lang.IllegalStateException" message="The path to the driver executable must be set by the webdriver.chrome.driver system property; for more information, see https://github.com/SeleniumHQ/selenium/wiki/ChromeDriver. The latest version can be downloaded from http://chromedriver.storage.googleapis.com/index.html">
      <![CDATA[java.lang.IllegalStateException: The path to the driver executable must be set by the webdriver.chrome.driver system property; for more information, see https://github.com/SeleniumHQ/selenium/wiki/ChromeDriver. The latest version can be downloaded from http://chromedriver.storage.googleapis.com/index.html
at com.google.common.base.Preconditions.checkState(Preconditions.java:847)
at org.openqa.selenium.remote.service.DriverService.findExecutable(DriverService.java:134)
at org.openqa.selenium.chrome.ChromeDriverService.access$000(ChromeDriverService.java:35)
at org.openqa.selenium.chrome.ChromeDriverService$Builder.findDefaultExecutable(ChromeDriverService.java:159)
at org.openqa.selenium.remote.service.DriverService$Builder.build(DriverService.java:355)
at org.openqa.selenium.chrome.ChromeDriverService.createDefaultService(ChromeDriverService.java:94)
at org.openqa.selenium.chrome.ChromeDriver.<init>(ChromeDriver.java:123)
at com.vtiger.genericLibrary.BaseClass.bcConfig(BaseClass.java:43)
at java.base/java.util.ArrayList.forEach(ArrayList.java:1511)
at java.base/java.util.concurrent.FutureTask.run(FutureTask.java:264)
at java.base/java.util.concurrent.ThreadPoolExecutor.runWorker(ThreadPoolExecutor.java:1136)
at java.base/java.util.concurrent.ThreadPoolExecutor$Worker.run(ThreadPoolExecutor.java:635)
at java.base/java.lang.Thread.run(Thread.java:833)
... Removed 16 stack frames]]>
    </failure>
  </testcase> <!-- @BeforeClass bcConfig -->
  <testcase classname="com.vtiger.genericLibrary.BaseClass" name="@BeforeMethod bmConfig" time="-1.648631548907E9">
    <skipped/>
  </testcase> <!-- @BeforeMethod bmConfig -->
  <testcase classname="com.vtiger.genericLibrary.BaseClass" name="@AfterMethod amConfig" time="-1.648631548934E9">
    <skipped/>
  </testcase> <!-- @AfterMethod amConfig -->
  <testcase classname="com.vtiger.genericLibrary.BaseClass" name="@AfterClass acConfig" time="-1.648631548954E9">
    <skipped/>
  </testcase> <!-- @AfterClass acConfig -->
  <testcase classname="com.vtiger.genericLibrary.BaseClass" name="@BeforeClass bcConfig" time="0.01">
    <failure type="java.lang.IllegalStateException" message="The path to the driver executable must be set by the webdriver.chrome.driver system property; for more information, see https://github.com/SeleniumHQ/selenium/wiki/ChromeDriver. The latest version can be downloaded from http://chromedriver.storage.googleapis.com/index.html">
      <![CDATA[java.lang.IllegalStateException: The path to the driver executable must be set by the webdriver.chrome.driver system property; for more information, see https://github.com/SeleniumHQ/selenium/wiki/ChromeDriver. The latest version can be downloaded from http://chromedriver.storage.googleapis.com/index.html
at com.google.common.base.Preconditions.checkState(Preconditions.java:847)
at org.openqa.selenium.remote.service.DriverService.findExecutable(DriverService.java:134)
at org.openqa.selenium.chrome.ChromeDriverService.access$000(ChromeDriverService.java:35)
at org.openqa.selenium.chrome.ChromeDriverService$Builder.findDefaultExecutable(ChromeDriverService.java:159)
at org.openqa.selenium.remote.service.DriverService$Builder.build(DriverService.java:355)
at org.openqa.selenium.chrome.ChromeDriverService.createDefaultService(ChromeDriverService.java:94)
at org.openqa.selenium.chrome.ChromeDriver.<init>(ChromeDriver.java:123)
at com.vtiger.genericLibrary.BaseClass.bcConfig(BaseClass.java:43)
at java.base/java.util.ArrayList.forEach(ArrayList.java:1511)
at java.base/java.util.concurrent.FutureTask.run(FutureTask.java:264)
at java.base/java.util.concurrent.ThreadPoolExecutor.runWorker(ThreadPoolExecutor.java:1136)
at java.base/java.util.concurrent.ThreadPoolExecutor$Worker.run(ThreadPoolExecutor.java:635)
at java.base/java.lang.Thread.run(Thread.java:833)
... Removed 16 stack frames]]>
    </failure>
  </testcase> <!-- @BeforeClass bcConfig -->
  <testcase classname="com.vtiger.genericLibrary.BaseClass" name="@BeforeMethod bmConfig" time="-1.648631548987E9">
    <skipped/>
  </testcase> <!-- @BeforeMethod bmConfig -->
  <testcase classname="com.vtiger.genericLibrary.BaseClass" name="@AfterMethod amConfig" time="-1.648631548998E9">
    <skipped/>
  </testcase> <!-- @AfterMethod amConfig -->
  <testcase classname="com.vtiger.genericLibrary.BaseClass" name="@AfterClass acConfig" time="-1.648631549002E9">
    <skipped/>
  </testcase> <!-- @AfterClass acConfig -->
  <testcase classname="com.vtiger.genericLibrary.BaseClass" name="@BeforeClass bcConfig" time="0.008">
    <failure type="java.lang.IllegalStateException" message="The path to the driver executable must be set by the webdriver.chrome.driver system property; for more information, see https://github.com/SeleniumHQ/selenium/wiki/ChromeDriver. The latest version can be downloaded from http://chromedriver.storage.googleapis.com/index.html">
      <![CDATA[java.lang.IllegalStateException: The path to the driver executable must be set by the webdriver.chrome.driver system property; for more information, see https://github.com/SeleniumHQ/selenium/wiki/ChromeDriver. The latest version can be downloaded from http://chromedriver.storage.googleapis.com/index.html
at com.google.common.base.Preconditions.checkState(Preconditions.java:847)
at org.openqa.selenium.remote.service.DriverService.findExecutable(DriverService.java:134)
at org.openqa.selenium.chrome.ChromeDriverService.access$000(ChromeDriverService.java:35)
at org.openqa.selenium.chrome.ChromeDriverService$Builder.findDefaultExecutable(ChromeDriverService.java:159)
at org.openqa.selenium.remote.service.DriverService$Builder.build(DriverService.java:355)
at org.openqa.selenium.chrome.ChromeDriverService.createDefaultService(ChromeDriverService.java:94)
at org.openqa.selenium.chrome.ChromeDriver.<init>(ChromeDriver.java:123)
at com.vtiger.genericLibrary.BaseClass.bcConfig(BaseClass.java:43)
at java.base/java.util.ArrayList.forEach(ArrayList.java:1511)
at java.base/java.util.concurrent.FutureTask.run(FutureTask.java:264)
at java.base/java.util.concurrent.ThreadPoolExecutor.runWorker(ThreadPoolExecutor.java:1136)
at java.base/java.util.concurrent.ThreadPoolExecutor$Worker.run(ThreadPoolExecutor.java:635)
at java.base/java.lang.Thread.run(Thread.java:833)
... Removed 16 stack frames]]>
    </failure>
  </testcase> <!-- @BeforeClass bcConfig -->
  <testcase classname="com.vtiger.genericLibrary.BaseClass" name="@BeforeMethod bmConfig" time="-1.64863154902E9">
    <skipped/>
  </testcase> <!-- @BeforeMethod bmConfig -->
  <testcase classname="com.vtiger.genericLibrary.BaseClass" name="@AfterMethod amConfig" time="-1.648631549038E9">
    <skipped/>
  </testcase> <!-- @AfterMethod amConfig -->
  <testcase classname="com.vtiger.genericLibrary.BaseClass" name="@AfterClass acConfig" time="-1.64863154904E9">
    <skipped/>
  </testcase> <!-- @AfterClass acConfig -->
  <testcase classname="Opportunity.CreateOpportunitywithSalesStageNegotiationReviewTest" name="createOpportunitywithSalesStageNegotiationReviewTest" time="0.0">
    <skipped/>
  </testcase> <!-- createOpportunitywithSalesStageNegotiationReviewTest -->
  <testcase classname="Opportunity.CreateOpportunitywithSalesStageProposalPriceQuoteTest" name="createOpportunitywithSalesStageProposalPriceQuoteTest" time="0.0">
    <skipped/>
  </testcase> <!-- createOpportunitywithSalesStageProposalPriceQuoteTest -->
  <testcase classname="Opportunity.CreateOpportunitywithSalesStageClosedWonTest" name="createOpportunitywithSalesStageClosedWonTest" time="0.0">
    <skipped/>
  </testcase> <!-- createOpportunitywithSalesStageClosedWonTest -->
  <testcase classname="Opportunity.CreateOpportunitywithSalesStageIdDecisionMakersTest" name="createOpportunitywithSalesStageIdDecisionMakersTest" time="0.0">
    <skipped/>
  </testcase> <!-- createOpportunitywithSalesStageIdDecisionMakersTest -->
  <testcase classname="Opportunity.CreateOpportunityWithSalesStagePerceptionAnalysisTest" name="createOpportunityWithSalesStagePerceptionAnalysisTest" time="0.0">
    <skipped/>
  </testcase> <!-- createOpportunityWithSalesStagePerceptionAnalysisTest -->
  <testcase classname="com.vtiger.genericLibrary.BaseClass" name="@AfterSuite asConfig" time="0.0">
    <ignored/>
  </testcase> <!-- @AfterSuite asConfig -->
  <testcase classname="com.vtiger.genericLibrary.BaseClass" name="@AfterSuite asConfig" time="0.0">
    <ignored/>
  </testcase> <!-- @AfterSuite asConfig -->
  <testcase classname="com.vtiger.genericLibrary.BaseClass" name="@AfterSuite asConfig" time="0.0">
    <ignored/>
  </testcase> <!-- @AfterSuite asConfig -->
  <testcase classname="com.vtiger.genericLibrary.BaseClass" name="@AfterSuite asConfig" time="0.0">
    <ignored/>
  </testcase> <!-- @AfterSuite asConfig -->
  <testcase classname="com.vtiger.genericLibrary.BaseClass" name="@BeforeSuite bsConfig" time="0.0">
    <ignored/>
  </testcase> <!-- @BeforeSuite bsConfig -->
  <testcase classname="com.vtiger.genericLibrary.BaseClass" name="@BeforeSuite bsConfig" time="0.0">
    <ignored/>
  </testcase> <!-- @BeforeSuite bsConfig -->
  <testcase classname="com.vtiger.genericLibrary.BaseClass" name="@BeforeSuite bsConfig" time="0.0">
    <ignored/>
  </testcase> <!-- @BeforeSuite bsConfig -->
  <testcase classname="com.vtiger.genericLibrary.BaseClass" name="@BeforeSuite bsConfig" time="0.0">
    <ignored/>
  </testcase> <!-- @BeforeSuite bsConfig -->
</testsuite> <!-- TestRunner-1 -->
