<?xml version="1.0" encoding="UTF-8"?>
<!-- Generated by org.testng.reporters.JUnitXMLReporter -->
<testsuite ignored="8" hostname="DESKTOP-EHC392M" failures="0" tests="5" name="TestRunner-2" time="16.526" errors="0" timestamp="2022-03-30T12:52:15 IST">
  <testcase classname="com.vtiger.genericLibrary.BaseClass" name="@BeforeClass bcConfig" time="4.473">
    <failure type="org.openqa.selenium.SessionNotCreatedException" message="session not created: This version of ChromeDriver only supports Chrome version 98
Current browser version is 100.0.4896.60 with binary path C:\Program Files\Google\Chrome\Application\chrome.exe
Build info: version: &amp;apos;3.141.59&amp;apos;, revision: &amp;apos;e82be7d358&amp;apos;, time: &amp;apos;2018-11-14T08:17:03&amp;apos;
System info: host: &amp;apos;DESKTOP-EHC392M&amp;apos;, ip: &amp;apos;192.168.8.1&amp;apos;, os.name: &amp;apos;Windows 10&amp;apos;, os.arch: &amp;apos;amd64&amp;apos;, os.version: &amp;apos;10.0&amp;apos;, java.version: &amp;apos;17.0.2&amp;apos;
Driver info: driver.version: ChromeDriver
remote stacktrace: Backtrace:
	Ordinal0 [0x01087AC3+2587331]
	Ordinal0 [0x0101ADD1+2141649]
	Ordinal0 [0x00F13BB8+1063864]
	Ordinal0 [0x00F33638+1193528]
	Ordinal0 [0x00F2F4B5+1176757]
	Ordinal0 [0x00F2CC51+1166417]
	Ordinal0 [0x00F5D12F+1364271]
	Ordinal0 [0x00F5CD5A+1363290]
	Ordinal0 [0x00F584A6+1344678]
	Ordinal0 [0x00F353F6+1201142]
	Ordinal0 [0x00F362E6+1204966]
	GetHandleVerifier [0x0122DF22+1680738]
	GetHandleVerifier [0x012E0DBC+2413564]
	GetHandleVerifier [0x0111D151+563089]
	GetHandleVerifier [0x0111BF13+558419]
	Ordinal0 [0x0102081E+2164766]
	Ordinal0 [0x01025508+2184456]
	Ordinal0 [0x01025650+2184784]
	Ordinal0 [0x0102F5BC+2225596]
	BaseThreadInitThunk [0x772CFA29+25]
	RtlGetAppContainerNamedObjectPath [0x77707A4E+286]
	RtlGetAppContainerNamedObjectPath [0x77707A1E+238]
">
      <![CDATA[org.openqa.selenium.SessionNotCreatedException: session not created: This version of ChromeDriver only supports Chrome version 98
Current browser version is 100.0.4896.60 with binary path C:\Program Files\Google\Chrome\Application\chrome.exe
Build info: version: '3.141.59', revision: 'e82be7d358', time: '2018-11-14T08:17:03'
System info: host: 'DESKTOP-EHC392M', ip: '192.168.8.1', os.name: 'Windows 10', os.arch: 'amd64', os.version: '10.0', java.version: '17.0.2'
Driver info: driver.version: ChromeDriver
remote stacktrace: Backtrace:
Ordinal0 [0x01087AC3+2587331]
Ordinal0 [0x0101ADD1+2141649]
Ordinal0 [0x00F13BB8+1063864]
Ordinal0 [0x00F33638+1193528]
Ordinal0 [0x00F2F4B5+1176757]
Ordinal0 [0x00F2CC51+1166417]
Ordinal0 [0x00F5D12F+1364271]
Ordinal0 [0x00F5CD5A+1363290]
Ordinal0 [0x00F584A6+1344678]
Ordinal0 [0x00F353F6+1201142]
Ordinal0 [0x00F362E6+1204966]
GetHandleVerifier [0x0122DF22+1680738]
GetHandleVerifier [0x012E0DBC+2413564]
GetHandleVerifier [0x0111D151+563089]
GetHandleVerifier [0x0111BF13+558419]
Ordinal0 [0x0102081E+2164766]
Ordinal0 [0x01025508+2184456]
Ordinal0 [0x01025650+2184784]
Ordinal0 [0x0102F5BC+2225596]
BaseThreadInitThunk [0x772CFA29+25]
RtlGetAppContainerNamedObjectPath [0x77707A4E+286]
RtlGetAppContainerNamedObjectPath [0x77707A1E+238]

at org.openqa.selenium.remote.W3CHandshakeResponse.lambda$errorHandler$0(W3CHandshakeResponse.java:62)
at org.openqa.selenium.remote.HandshakeResponse.lambda$getResponseFunction$0(HandshakeResponse.java:30)
at org.openqa.selenium.remote.ProtocolHandshake.lambda$createSession$0(ProtocolHandshake.java:126)
at java.base/java.util.stream.ReferencePipeline$3$1.accept(ReferencePipeline.java:197)
at java.base/java.util.Spliterators$ArraySpliterator.tryAdvance(Spliterators.java:1002)
at java.base/java.util.stream.ReferencePipeline.forEachWithCancel(ReferencePipeline.java:129)
at java.base/java.util.stream.AbstractPipeline.copyIntoWithCancel(AbstractPipeline.java:527)
at java.base/java.util.stream.AbstractPipeline.copyInto(AbstractPipeline.java:513)
at java.base/java.util.stream.AbstractPipeline.wrapAndCopyInto(AbstractPipeline.java:499)
at java.base/java.util.stream.FindOps$FindOp.evaluateSequential(FindOps.java:150)
at java.base/java.util.stream.AbstractPipeline.evaluate(AbstractPipeline.java:234)
at java.base/java.util.stream.ReferencePipeline.findFirst(ReferencePipeline.java:647)
at org.openqa.selenium.remote.ProtocolHandshake.createSession(ProtocolHandshake.java:128)
at org.openqa.selenium.remote.ProtocolHandshake.createSession(ProtocolHandshake.java:74)
at org.openqa.selenium.remote.HttpCommandExecutor.execute(HttpCommandExecutor.java:136)
at org.openqa.selenium.remote.service.DriverCommandExecutor.execute(DriverCommandExecutor.java:83)
at org.openqa.selenium.remote.RemoteWebDriver.execute(RemoteWebDriver.java:552)
at org.openqa.selenium.remote.RemoteWebDriver.startSession(RemoteWebDriver.java:213)
at org.openqa.selenium.remote.RemoteWebDriver.<init>(RemoteWebDriver.java:131)
at org.openqa.selenium.chrome.ChromeDriver.<init>(ChromeDriver.java:181)
at org.openqa.selenium.chrome.ChromeDriver.<init>(ChromeDriver.java:168)
at org.openqa.selenium.chrome.ChromeDriver.<init>(ChromeDriver.java:123)
at com.vtiger.genericLibrary.BaseClass.bcConfig(BaseClass.java:43)
at java.base/java.util.ArrayList.forEach(ArrayList.java:1511)
at java.base/java.util.concurrent.FutureTask.run(FutureTask.java:264)
at java.base/java.util.concurrent.ThreadPoolExecutor.runWorker(ThreadPoolExecutor.java:1136)
at java.base/java.util.concurrent.ThreadPoolExecutor$Worker.run(ThreadPoolExecutor.java:635)
at java.base/java.lang.Thread.run(Thread.java:833)
... Removed 21 stack frames]]>
    </failure>
  </testcase> <!-- @BeforeClass bcConfig -->
  <testcase classname="com.vtiger.genericLibrary.BaseClass" name="@BeforeMethod bmConfig" time="-1.648624923552E9">
    <skipped/>
  </testcase> <!-- @BeforeMethod bmConfig -->
  <testcase classname="com.vtiger.genericLibrary.BaseClass" name="@AfterMethod amConfig" time="-1.648624923578E9">
    <skipped/>
  </testcase> <!-- @AfterMethod amConfig -->
  <testcase classname="com.vtiger.genericLibrary.BaseClass" name="@AfterClass acConfig" time="-1.648624923589E9">
    <skipped/>
  </testcase> <!-- @AfterClass acConfig -->
  <testcase classname="com.vtiger.genericLibrary.BaseClass" name="@BeforeClass bcConfig" time="3.085">
    <failure type="org.openqa.selenium.SessionNotCreatedException" message="session not created: This version of ChromeDriver only supports Chrome version 98
Current browser version is 100.0.4896.60 with binary path C:\Program Files\Google\Chrome\Application\chrome.exe
Build info: version: &amp;apos;3.141.59&amp;apos;, revision: &amp;apos;e82be7d358&amp;apos;, time: &amp;apos;2018-11-14T08:17:03&amp;apos;
System info: host: &amp;apos;DESKTOP-EHC392M&amp;apos;, ip: &amp;apos;192.168.8.1&amp;apos;, os.name: &amp;apos;Windows 10&amp;apos;, os.arch: &amp;apos;amd64&amp;apos;, os.version: &amp;apos;10.0&amp;apos;, java.version: &amp;apos;17.0.2&amp;apos;
Driver info: driver.version: ChromeDriver
remote stacktrace: Backtrace:
	Ordinal0 [0x01087AC3+2587331]
	Ordinal0 [0x0101ADD1+2141649]
	Ordinal0 [0x00F13BB8+1063864]
	Ordinal0 [0x00F33638+1193528]
	Ordinal0 [0x00F2F4B5+1176757]
	Ordinal0 [0x00F2CC51+1166417]
	Ordinal0 [0x00F5D12F+1364271]
	Ordinal0 [0x00F5CD5A+1363290]
	Ordinal0 [0x00F584A6+1344678]
	Ordinal0 [0x00F353F6+1201142]
	Ordinal0 [0x00F362E6+1204966]
	GetHandleVerifier [0x0122DF22+1680738]
	GetHandleVerifier [0x012E0DBC+2413564]
	GetHandleVerifier [0x0111D151+563089]
	GetHandleVerifier [0x0111BF13+558419]
	Ordinal0 [0x0102081E+2164766]
	Ordinal0 [0x01025508+2184456]
	Ordinal0 [0x01025650+2184784]
	Ordinal0 [0x0102F5BC+2225596]
	BaseThreadInitThunk [0x772CFA29+25]
	RtlGetAppContainerNamedObjectPath [0x77707A4E+286]
	RtlGetAppContainerNamedObjectPath [0x77707A1E+238]
">
      <![CDATA[org.openqa.selenium.SessionNotCreatedException: session not created: This version of ChromeDriver only supports Chrome version 98
Current browser version is 100.0.4896.60 with binary path C:\Program Files\Google\Chrome\Application\chrome.exe
Build info: version: '3.141.59', revision: 'e82be7d358', time: '2018-11-14T08:17:03'
System info: host: 'DESKTOP-EHC392M', ip: '192.168.8.1', os.name: 'Windows 10', os.arch: 'amd64', os.version: '10.0', java.version: '17.0.2'
Driver info: driver.version: ChromeDriver
remote stacktrace: Backtrace:
Ordinal0 [0x01087AC3+2587331]
Ordinal0 [0x0101ADD1+2141649]
Ordinal0 [0x00F13BB8+1063864]
Ordinal0 [0x00F33638+1193528]
Ordinal0 [0x00F2F4B5+1176757]
Ordinal0 [0x00F2CC51+1166417]
Ordinal0 [0x00F5D12F+1364271]
Ordinal0 [0x00F5CD5A+1363290]
Ordinal0 [0x00F584A6+1344678]
Ordinal0 [0x00F353F6+1201142]
Ordinal0 [0x00F362E6+1204966]
GetHandleVerifier [0x0122DF22+1680738]
GetHandleVerifier [0x012E0DBC+2413564]
GetHandleVerifier [0x0111D151+563089]
GetHandleVerifier [0x0111BF13+558419]
Ordinal0 [0x0102081E+2164766]
Ordinal0 [0x01025508+2184456]
Ordinal0 [0x01025650+2184784]
Ordinal0 [0x0102F5BC+2225596]
BaseThreadInitThunk [0x772CFA29+25]
RtlGetAppContainerNamedObjectPath [0x77707A4E+286]
RtlGetAppContainerNamedObjectPath [0x77707A1E+238]

at org.openqa.selenium.remote.W3CHandshakeResponse.lambda$errorHandler$0(W3CHandshakeResponse.java:62)
at org.openqa.selenium.remote.HandshakeResponse.lambda$getResponseFunction$0(HandshakeResponse.java:30)
at org.openqa.selenium.remote.ProtocolHandshake.lambda$createSession$0(ProtocolHandshake.java:126)
at java.base/java.util.stream.ReferencePipeline$3$1.accept(ReferencePipeline.java:197)
at java.base/java.util.Spliterators$ArraySpliterator.tryAdvance(Spliterators.java:1002)
at java.base/java.util.stream.ReferencePipeline.forEachWithCancel(ReferencePipeline.java:129)
at java.base/java.util.stream.AbstractPipeline.copyIntoWithCancel(AbstractPipeline.java:527)
at java.base/java.util.stream.AbstractPipeline.copyInto(AbstractPipeline.java:513)
at java.base/java.util.stream.AbstractPipeline.wrapAndCopyInto(AbstractPipeline.java:499)
at java.base/java.util.stream.FindOps$FindOp.evaluateSequential(FindOps.java:150)
at java.base/java.util.stream.AbstractPipeline.evaluate(AbstractPipeline.java:234)
at java.base/java.util.stream.ReferencePipeline.findFirst(ReferencePipeline.java:647)
at org.openqa.selenium.remote.ProtocolHandshake.createSession(ProtocolHandshake.java:128)
at org.openqa.selenium.remote.ProtocolHandshake.createSession(ProtocolHandshake.java:74)
at org.openqa.selenium.remote.HttpCommandExecutor.execute(HttpCommandExecutor.java:136)
at org.openqa.selenium.remote.service.DriverCommandExecutor.execute(DriverCommandExecutor.java:83)
at org.openqa.selenium.remote.RemoteWebDriver.execute(RemoteWebDriver.java:552)
at org.openqa.selenium.remote.RemoteWebDriver.startSession(RemoteWebDriver.java:213)
at org.openqa.selenium.remote.RemoteWebDriver.<init>(RemoteWebDriver.java:131)
at org.openqa.selenium.chrome.ChromeDriver.<init>(ChromeDriver.java:181)
at org.openqa.selenium.chrome.ChromeDriver.<init>(ChromeDriver.java:168)
at org.openqa.selenium.chrome.ChromeDriver.<init>(ChromeDriver.java:123)
at com.vtiger.genericLibrary.BaseClass.bcConfig(BaseClass.java:43)
at java.base/java.util.ArrayList.forEach(ArrayList.java:1511)
at java.base/java.util.concurrent.FutureTask.run(FutureTask.java:264)
at java.base/java.util.concurrent.ThreadPoolExecutor.runWorker(ThreadPoolExecutor.java:1136)
at java.base/java.util.concurrent.ThreadPoolExecutor$Worker.run(ThreadPoolExecutor.java:635)
at java.base/java.lang.Thread.run(Thread.java:833)
... Removed 21 stack frames]]>
    </failure>
  </testcase> <!-- @BeforeClass bcConfig -->
  <testcase classname="com.vtiger.genericLibrary.BaseClass" name="@BeforeMethod bmConfig" time="-1.648624926691E9">
    <skipped/>
  </testcase> <!-- @BeforeMethod bmConfig -->
  <testcase classname="com.vtiger.genericLibrary.BaseClass" name="@AfterMethod amConfig" time="-1.648624926703E9">
    <skipped/>
  </testcase> <!-- @AfterMethod amConfig -->
  <testcase classname="com.vtiger.genericLibrary.BaseClass" name="@AfterClass acConfig" time="-1.648624926719E9">
    <skipped/>
  </testcase> <!-- @AfterClass acConfig -->
  <testcase classname="com.vtiger.genericLibrary.BaseClass" name="@BeforeClass bcConfig" time="2.739">
    <failure type="org.openqa.selenium.SessionNotCreatedException" message="session not created: This version of ChromeDriver only supports Chrome version 98
Current browser version is 100.0.4896.60 with binary path C:\Program Files\Google\Chrome\Application\chrome.exe
Build info: version: &amp;apos;3.141.59&amp;apos;, revision: &amp;apos;e82be7d358&amp;apos;, time: &amp;apos;2018-11-14T08:17:03&amp;apos;
System info: host: &amp;apos;DESKTOP-EHC392M&amp;apos;, ip: &amp;apos;192.168.8.1&amp;apos;, os.name: &amp;apos;Windows 10&amp;apos;, os.arch: &amp;apos;amd64&amp;apos;, os.version: &amp;apos;10.0&amp;apos;, java.version: &amp;apos;17.0.2&amp;apos;
Driver info: driver.version: ChromeDriver
remote stacktrace: Backtrace:
	Ordinal0 [0x01087AC3+2587331]
	Ordinal0 [0x0101ADD1+2141649]
	Ordinal0 [0x00F13BB8+1063864]
	Ordinal0 [0x00F33638+1193528]
	Ordinal0 [0x00F2F4B5+1176757]
	Ordinal0 [0x00F2CC51+1166417]
	Ordinal0 [0x00F5D12F+1364271]
	Ordinal0 [0x00F5CD5A+1363290]
	Ordinal0 [0x00F584A6+1344678]
	Ordinal0 [0x00F353F6+1201142]
	Ordinal0 [0x00F362E6+1204966]
	GetHandleVerifier [0x0122DF22+1680738]
	GetHandleVerifier [0x012E0DBC+2413564]
	GetHandleVerifier [0x0111D151+563089]
	GetHandleVerifier [0x0111BF13+558419]
	Ordinal0 [0x0102081E+2164766]
	Ordinal0 [0x01025508+2184456]
	Ordinal0 [0x01025650+2184784]
	Ordinal0 [0x0102F5BC+2225596]
	BaseThreadInitThunk [0x772CFA29+25]
	RtlGetAppContainerNamedObjectPath [0x77707A4E+286]
	RtlGetAppContainerNamedObjectPath [0x77707A1E+238]
">
      <![CDATA[org.openqa.selenium.SessionNotCreatedException: session not created: This version of ChromeDriver only supports Chrome version 98
Current browser version is 100.0.4896.60 with binary path C:\Program Files\Google\Chrome\Application\chrome.exe
Build info: version: '3.141.59', revision: 'e82be7d358', time: '2018-11-14T08:17:03'
System info: host: 'DESKTOP-EHC392M', ip: '192.168.8.1', os.name: 'Windows 10', os.arch: 'amd64', os.version: '10.0', java.version: '17.0.2'
Driver info: driver.version: ChromeDriver
remote stacktrace: Backtrace:
Ordinal0 [0x01087AC3+2587331]
Ordinal0 [0x0101ADD1+2141649]
Ordinal0 [0x00F13BB8+1063864]
Ordinal0 [0x00F33638+1193528]
Ordinal0 [0x00F2F4B5+1176757]
Ordinal0 [0x00F2CC51+1166417]
Ordinal0 [0x00F5D12F+1364271]
Ordinal0 [0x00F5CD5A+1363290]
Ordinal0 [0x00F584A6+1344678]
Ordinal0 [0x00F353F6+1201142]
Ordinal0 [0x00F362E6+1204966]
GetHandleVerifier [0x0122DF22+1680738]
GetHandleVerifier [0x012E0DBC+2413564]
GetHandleVerifier [0x0111D151+563089]
GetHandleVerifier [0x0111BF13+558419]
Ordinal0 [0x0102081E+2164766]
Ordinal0 [0x01025508+2184456]
Ordinal0 [0x01025650+2184784]
Ordinal0 [0x0102F5BC+2225596]
BaseThreadInitThunk [0x772CFA29+25]
RtlGetAppContainerNamedObjectPath [0x77707A4E+286]
RtlGetAppContainerNamedObjectPath [0x77707A1E+238]

at org.openqa.selenium.remote.W3CHandshakeResponse.lambda$errorHandler$0(W3CHandshakeResponse.java:62)
at org.openqa.selenium.remote.HandshakeResponse.lambda$getResponseFunction$0(HandshakeResponse.java:30)
at org.openqa.selenium.remote.ProtocolHandshake.lambda$createSession$0(ProtocolHandshake.java:126)
at java.base/java.util.stream.ReferencePipeline$3$1.accept(ReferencePipeline.java:197)
at java.base/java.util.Spliterators$ArraySpliterator.tryAdvance(Spliterators.java:1002)
at java.base/java.util.stream.ReferencePipeline.forEachWithCancel(ReferencePipeline.java:129)
at java.base/java.util.stream.AbstractPipeline.copyIntoWithCancel(AbstractPipeline.java:527)
at java.base/java.util.stream.AbstractPipeline.copyInto(AbstractPipeline.java:513)
at java.base/java.util.stream.AbstractPipeline.wrapAndCopyInto(AbstractPipeline.java:499)
at java.base/java.util.stream.FindOps$FindOp.evaluateSequential(FindOps.java:150)
at java.base/java.util.stream.AbstractPipeline.evaluate(AbstractPipeline.java:234)
at java.base/java.util.stream.ReferencePipeline.findFirst(ReferencePipeline.java:647)
at org.openqa.selenium.remote.ProtocolHandshake.createSession(ProtocolHandshake.java:128)
at org.openqa.selenium.remote.ProtocolHandshake.createSession(ProtocolHandshake.java:74)
at org.openqa.selenium.remote.HttpCommandExecutor.execute(HttpCommandExecutor.java:136)
at org.openqa.selenium.remote.service.DriverCommandExecutor.execute(DriverCommandExecutor.java:83)
at org.openqa.selenium.remote.RemoteWebDriver.execute(RemoteWebDriver.java:552)
at org.openqa.selenium.remote.RemoteWebDriver.startSession(RemoteWebDriver.java:213)
at org.openqa.selenium.remote.RemoteWebDriver.<init>(RemoteWebDriver.java:131)
at org.openqa.selenium.chrome.ChromeDriver.<init>(ChromeDriver.java:181)
at org.openqa.selenium.chrome.ChromeDriver.<init>(ChromeDriver.java:168)
at org.openqa.selenium.chrome.ChromeDriver.<init>(ChromeDriver.java:123)
at com.vtiger.genericLibrary.BaseClass.bcConfig(BaseClass.java:43)
at java.base/java.util.ArrayList.forEach(ArrayList.java:1511)
at java.base/java.util.concurrent.FutureTask.run(FutureTask.java:264)
at java.base/java.util.concurrent.ThreadPoolExecutor.runWorker(ThreadPoolExecutor.java:1136)
at java.base/java.util.concurrent.ThreadPoolExecutor$Worker.run(ThreadPoolExecutor.java:635)
at java.base/java.lang.Thread.run(Thread.java:833)
... Removed 21 stack frames]]>
    </failure>
  </testcase> <!-- @BeforeClass bcConfig -->
  <testcase classname="com.vtiger.genericLibrary.BaseClass" name="@BeforeMethod bmConfig" time="-1.648624929473E9">
    <skipped/>
  </testcase> <!-- @BeforeMethod bmConfig -->
  <testcase classname="com.vtiger.genericLibrary.BaseClass" name="@AfterMethod amConfig" time="-1.64862492948E9">
    <skipped/>
  </testcase> <!-- @AfterMethod amConfig -->
  <testcase classname="com.vtiger.genericLibrary.BaseClass" name="@AfterClass acConfig" time="-1.648624929482E9">
    <skipped/>
  </testcase> <!-- @AfterClass acConfig -->
  <testcase classname="com.vtiger.genericLibrary.BaseClass" name="@BeforeClass bcConfig" time="2.805">
    <failure type="org.openqa.selenium.SessionNotCreatedException" message="session not created: This version of ChromeDriver only supports Chrome version 98
Current browser version is 100.0.4896.60 with binary path C:\Program Files\Google\Chrome\Application\chrome.exe
Build info: version: &amp;apos;3.141.59&amp;apos;, revision: &amp;apos;e82be7d358&amp;apos;, time: &amp;apos;2018-11-14T08:17:03&amp;apos;
System info: host: &amp;apos;DESKTOP-EHC392M&amp;apos;, ip: &amp;apos;192.168.8.1&amp;apos;, os.name: &amp;apos;Windows 10&amp;apos;, os.arch: &amp;apos;amd64&amp;apos;, os.version: &amp;apos;10.0&amp;apos;, java.version: &amp;apos;17.0.2&amp;apos;
Driver info: driver.version: ChromeDriver
remote stacktrace: Backtrace:
	Ordinal0 [0x01087AC3+2587331]
	Ordinal0 [0x0101ADD1+2141649]
	Ordinal0 [0x00F13BB8+1063864]
	Ordinal0 [0x00F33638+1193528]
	Ordinal0 [0x00F2F4B5+1176757]
	Ordinal0 [0x00F2CC51+1166417]
	Ordinal0 [0x00F5D12F+1364271]
	Ordinal0 [0x00F5CD5A+1363290]
	Ordinal0 [0x00F584A6+1344678]
	Ordinal0 [0x00F353F6+1201142]
	Ordinal0 [0x00F362E6+1204966]
	GetHandleVerifier [0x0122DF22+1680738]
	GetHandleVerifier [0x012E0DBC+2413564]
	GetHandleVerifier [0x0111D151+563089]
	GetHandleVerifier [0x0111BF13+558419]
	Ordinal0 [0x0102081E+2164766]
	Ordinal0 [0x01025508+2184456]
	Ordinal0 [0x01025650+2184784]
	Ordinal0 [0x0102F5BC+2225596]
	BaseThreadInitThunk [0x772CFA29+25]
	RtlGetAppContainerNamedObjectPath [0x77707A4E+286]
	RtlGetAppContainerNamedObjectPath [0x77707A1E+238]
">
      <![CDATA[org.openqa.selenium.SessionNotCreatedException: session not created: This version of ChromeDriver only supports Chrome version 98
Current browser version is 100.0.4896.60 with binary path C:\Program Files\Google\Chrome\Application\chrome.exe
Build info: version: '3.141.59', revision: 'e82be7d358', time: '2018-11-14T08:17:03'
System info: host: 'DESKTOP-EHC392M', ip: '192.168.8.1', os.name: 'Windows 10', os.arch: 'amd64', os.version: '10.0', java.version: '17.0.2'
Driver info: driver.version: ChromeDriver
remote stacktrace: Backtrace:
Ordinal0 [0x01087AC3+2587331]
Ordinal0 [0x0101ADD1+2141649]
Ordinal0 [0x00F13BB8+1063864]
Ordinal0 [0x00F33638+1193528]
Ordinal0 [0x00F2F4B5+1176757]
Ordinal0 [0x00F2CC51+1166417]
Ordinal0 [0x00F5D12F+1364271]
Ordinal0 [0x00F5CD5A+1363290]
Ordinal0 [0x00F584A6+1344678]
Ordinal0 [0x00F353F6+1201142]
Ordinal0 [0x00F362E6+1204966]
GetHandleVerifier [0x0122DF22+1680738]
GetHandleVerifier [0x012E0DBC+2413564]
GetHandleVerifier [0x0111D151+563089]
GetHandleVerifier [0x0111BF13+558419]
Ordinal0 [0x0102081E+2164766]
Ordinal0 [0x01025508+2184456]
Ordinal0 [0x01025650+2184784]
Ordinal0 [0x0102F5BC+2225596]
BaseThreadInitThunk [0x772CFA29+25]
RtlGetAppContainerNamedObjectPath [0x77707A4E+286]
RtlGetAppContainerNamedObjectPath [0x77707A1E+238]

at org.openqa.selenium.remote.W3CHandshakeResponse.lambda$errorHandler$0(W3CHandshakeResponse.java:62)
at org.openqa.selenium.remote.HandshakeResponse.lambda$getResponseFunction$0(HandshakeResponse.java:30)
at org.openqa.selenium.remote.ProtocolHandshake.lambda$createSession$0(ProtocolHandshake.java:126)
at java.base/java.util.stream.ReferencePipeline$3$1.accept(ReferencePipeline.java:197)
at java.base/java.util.Spliterators$ArraySpliterator.tryAdvance(Spliterators.java:1002)
at java.base/java.util.stream.ReferencePipeline.forEachWithCancel(ReferencePipeline.java:129)
at java.base/java.util.stream.AbstractPipeline.copyIntoWithCancel(AbstractPipeline.java:527)
at java.base/java.util.stream.AbstractPipeline.copyInto(AbstractPipeline.java:513)
at java.base/java.util.stream.AbstractPipeline.wrapAndCopyInto(AbstractPipeline.java:499)
at java.base/java.util.stream.FindOps$FindOp.evaluateSequential(FindOps.java:150)
at java.base/java.util.stream.AbstractPipeline.evaluate(AbstractPipeline.java:234)
at java.base/java.util.stream.ReferencePipeline.findFirst(ReferencePipeline.java:647)
at org.openqa.selenium.remote.ProtocolHandshake.createSession(ProtocolHandshake.java:128)
at org.openqa.selenium.remote.ProtocolHandshake.createSession(ProtocolHandshake.java:74)
at org.openqa.selenium.remote.HttpCommandExecutor.execute(HttpCommandExecutor.java:136)
at org.openqa.selenium.remote.service.DriverCommandExecutor.execute(DriverCommandExecutor.java:83)
at org.openqa.selenium.remote.RemoteWebDriver.execute(RemoteWebDriver.java:552)
at org.openqa.selenium.remote.RemoteWebDriver.startSession(RemoteWebDriver.java:213)
at org.openqa.selenium.remote.RemoteWebDriver.<init>(RemoteWebDriver.java:131)
at org.openqa.selenium.chrome.ChromeDriver.<init>(ChromeDriver.java:181)
at org.openqa.selenium.chrome.ChromeDriver.<init>(ChromeDriver.java:168)
at org.openqa.selenium.chrome.ChromeDriver.<init>(ChromeDriver.java:123)
at com.vtiger.genericLibrary.BaseClass.bcConfig(BaseClass.java:43)
at java.base/java.util.ArrayList.forEach(ArrayList.java:1511)
at java.base/java.util.concurrent.FutureTask.run(FutureTask.java:264)
at java.base/java.util.concurrent.ThreadPoolExecutor.runWorker(ThreadPoolExecutor.java:1136)
at java.base/java.util.concurrent.ThreadPoolExecutor$Worker.run(ThreadPoolExecutor.java:635)
at java.base/java.lang.Thread.run(Thread.java:833)
... Removed 21 stack frames]]>
    </failure>
  </testcase> <!-- @BeforeClass bcConfig -->
  <testcase classname="com.vtiger.genericLibrary.BaseClass" name="@BeforeMethod bmConfig" time="-1.648624932295E9">
    <skipped/>
  </testcase> <!-- @BeforeMethod bmConfig -->
  <testcase classname="com.vtiger.genericLibrary.BaseClass" name="@AfterMethod amConfig" time="-1.648624932301E9">
    <skipped/>
  </testcase> <!-- @AfterMethod amConfig -->
  <testcase classname="com.vtiger.genericLibrary.BaseClass" name="@AfterClass acConfig" time="-1.648624932303E9">
    <skipped/>
  </testcase> <!-- @AfterClass acConfig -->
  <testcase classname="com.vtiger.genericLibrary.BaseClass" name="@BeforeClass bcConfig" time="3.236">
    <failure type="org.openqa.selenium.SessionNotCreatedException" message="session not created: This version of ChromeDriver only supports Chrome version 98
Current browser version is 100.0.4896.60 with binary path C:\Program Files\Google\Chrome\Application\chrome.exe
Build info: version: &amp;apos;3.141.59&amp;apos;, revision: &amp;apos;e82be7d358&amp;apos;, time: &amp;apos;2018-11-14T08:17:03&amp;apos;
System info: host: &amp;apos;DESKTOP-EHC392M&amp;apos;, ip: &amp;apos;192.168.8.1&amp;apos;, os.name: &amp;apos;Windows 10&amp;apos;, os.arch: &amp;apos;amd64&amp;apos;, os.version: &amp;apos;10.0&amp;apos;, java.version: &amp;apos;17.0.2&amp;apos;
Driver info: driver.version: ChromeDriver
remote stacktrace: Backtrace:
	Ordinal0 [0x01087AC3+2587331]
	Ordinal0 [0x0101ADD1+2141649]
	Ordinal0 [0x00F13BB8+1063864]
	Ordinal0 [0x00F33638+1193528]
	Ordinal0 [0x00F2F4B5+1176757]
	Ordinal0 [0x00F2CC51+1166417]
	Ordinal0 [0x00F5D12F+1364271]
	Ordinal0 [0x00F5CD5A+1363290]
	Ordinal0 [0x00F584A6+1344678]
	Ordinal0 [0x00F353F6+1201142]
	Ordinal0 [0x00F362E6+1204966]
	GetHandleVerifier [0x0122DF22+1680738]
	GetHandleVerifier [0x012E0DBC+2413564]
	GetHandleVerifier [0x0111D151+563089]
	GetHandleVerifier [0x0111BF13+558419]
	Ordinal0 [0x0102081E+2164766]
	Ordinal0 [0x01025508+2184456]
	Ordinal0 [0x01025650+2184784]
	Ordinal0 [0x0102F5BC+2225596]
	BaseThreadInitThunk [0x772CFA29+25]
	RtlGetAppContainerNamedObjectPath [0x77707A4E+286]
	RtlGetAppContainerNamedObjectPath [0x77707A1E+238]
">
      <![CDATA[org.openqa.selenium.SessionNotCreatedException: session not created: This version of ChromeDriver only supports Chrome version 98
Current browser version is 100.0.4896.60 with binary path C:\Program Files\Google\Chrome\Application\chrome.exe
Build info: version: '3.141.59', revision: 'e82be7d358', time: '2018-11-14T08:17:03'
System info: host: 'DESKTOP-EHC392M', ip: '192.168.8.1', os.name: 'Windows 10', os.arch: 'amd64', os.version: '10.0', java.version: '17.0.2'
Driver info: driver.version: ChromeDriver
remote stacktrace: Backtrace:
Ordinal0 [0x01087AC3+2587331]
Ordinal0 [0x0101ADD1+2141649]
Ordinal0 [0x00F13BB8+1063864]
Ordinal0 [0x00F33638+1193528]
Ordinal0 [0x00F2F4B5+1176757]
Ordinal0 [0x00F2CC51+1166417]
Ordinal0 [0x00F5D12F+1364271]
Ordinal0 [0x00F5CD5A+1363290]
Ordinal0 [0x00F584A6+1344678]
Ordinal0 [0x00F353F6+1201142]
Ordinal0 [0x00F362E6+1204966]
GetHandleVerifier [0x0122DF22+1680738]
GetHandleVerifier [0x012E0DBC+2413564]
GetHandleVerifier [0x0111D151+563089]
GetHandleVerifier [0x0111BF13+558419]
Ordinal0 [0x0102081E+2164766]
Ordinal0 [0x01025508+2184456]
Ordinal0 [0x01025650+2184784]
Ordinal0 [0x0102F5BC+2225596]
BaseThreadInitThunk [0x772CFA29+25]
RtlGetAppContainerNamedObjectPath [0x77707A4E+286]
RtlGetAppContainerNamedObjectPath [0x77707A1E+238]

at org.openqa.selenium.remote.W3CHandshakeResponse.lambda$errorHandler$0(W3CHandshakeResponse.java:62)
at org.openqa.selenium.remote.HandshakeResponse.lambda$getResponseFunction$0(HandshakeResponse.java:30)
at org.openqa.selenium.remote.ProtocolHandshake.lambda$createSession$0(ProtocolHandshake.java:126)
at java.base/java.util.stream.ReferencePipeline$3$1.accept(ReferencePipeline.java:197)
at java.base/java.util.Spliterators$ArraySpliterator.tryAdvance(Spliterators.java:1002)
at java.base/java.util.stream.ReferencePipeline.forEachWithCancel(ReferencePipeline.java:129)
at java.base/java.util.stream.AbstractPipeline.copyIntoWithCancel(AbstractPipeline.java:527)
at java.base/java.util.stream.AbstractPipeline.copyInto(AbstractPipeline.java:513)
at java.base/java.util.stream.AbstractPipeline.wrapAndCopyInto(AbstractPipeline.java:499)
at java.base/java.util.stream.FindOps$FindOp.evaluateSequential(FindOps.java:150)
at java.base/java.util.stream.AbstractPipeline.evaluate(AbstractPipeline.java:234)
at java.base/java.util.stream.ReferencePipeline.findFirst(ReferencePipeline.java:647)
at org.openqa.selenium.remote.ProtocolHandshake.createSession(ProtocolHandshake.java:128)
at org.openqa.selenium.remote.ProtocolHandshake.createSession(ProtocolHandshake.java:74)
at org.openqa.selenium.remote.HttpCommandExecutor.execute(HttpCommandExecutor.java:136)
at org.openqa.selenium.remote.service.DriverCommandExecutor.execute(DriverCommandExecutor.java:83)
at org.openqa.selenium.remote.RemoteWebDriver.execute(RemoteWebDriver.java:552)
at org.openqa.selenium.remote.RemoteWebDriver.startSession(RemoteWebDriver.java:213)
at org.openqa.selenium.remote.RemoteWebDriver.<init>(RemoteWebDriver.java:131)
at org.openqa.selenium.chrome.ChromeDriver.<init>(ChromeDriver.java:181)
at org.openqa.selenium.chrome.ChromeDriver.<init>(ChromeDriver.java:168)
at org.openqa.selenium.chrome.ChromeDriver.<init>(ChromeDriver.java:123)
at com.vtiger.genericLibrary.BaseClass.bcConfig(BaseClass.java:43)
at java.base/java.util.ArrayList.forEach(ArrayList.java:1511)
at java.base/java.util.concurrent.FutureTask.run(FutureTask.java:264)
at java.base/java.util.concurrent.ThreadPoolExecutor.runWorker(ThreadPoolExecutor.java:1136)
at java.base/java.util.concurrent.ThreadPoolExecutor$Worker.run(ThreadPoolExecutor.java:635)
at java.base/java.lang.Thread.run(Thread.java:833)
... Removed 21 stack frames]]>
    </failure>
  </testcase> <!-- @BeforeClass bcConfig -->
  <testcase classname="com.vtiger.genericLibrary.BaseClass" name="@BeforeMethod bmConfig" time="-1.648624935545E9">
    <skipped/>
  </testcase> <!-- @BeforeMethod bmConfig -->
  <testcase classname="com.vtiger.genericLibrary.BaseClass" name="@AfterMethod amConfig" time="-1.64862493555E9">
    <skipped/>
  </testcase> <!-- @AfterMethod amConfig -->
  <testcase classname="com.vtiger.genericLibrary.BaseClass" name="@AfterClass acConfig" time="-1.648624935552E9">
    <skipped/>
  </testcase> <!-- @AfterClass acConfig -->
  <testcase classname="Opportunity.CreateOpportunitywithSalesStageNegotiationReviewTest" name="createOpportunitywithSalesStageNegotiationReviewTest" time="0.0">
    <skipped/>
  </testcase> <!-- createOpportunitywithSalesStageNegotiationReviewTest -->
  <testcase classname="Opportunity.CreateOpportunitywithSalesStageProposalPriceQuoteTest" name="createOpportunitywithSalesStageProposalPriceQuoteTest" time="0.0">
    <skipped/>
  </testcase> <!-- createOpportunitywithSalesStageProposalPriceQuoteTest -->
  <testcase classname="Opportunity.CreateOpportunitywithSalesStageClosedWonTest" name="createOpportunitywithSalesStageClosedWonTest" time="0.0">
    <skipped/>
  </testcase> <!-- createOpportunitywithSalesStageClosedWonTest -->
  <testcase classname="Opportunity.CreateOpportunitywithSalesStageIdDecisionMakersTest" name="createOpportunitywithSalesStageIdDecisionMakersTest" time="0.0">
    <skipped/>
  </testcase> <!-- createOpportunitywithSalesStageIdDecisionMakersTest -->
  <testcase classname="Opportunity.CreateOpportunityWithSalesStagePerceptionAnalysisTest" name="createOpportunityWithSalesStagePerceptionAnalysisTest" time="0.0">
    <skipped/>
  </testcase> <!-- createOpportunityWithSalesStagePerceptionAnalysisTest -->
  <testcase classname="com.vtiger.genericLibrary.BaseClass" name="@AfterSuite asConfig" time="0.0">
    <ignored/>
  </testcase> <!-- @AfterSuite asConfig -->
  <testcase classname="com.vtiger.genericLibrary.BaseClass" name="@AfterSuite asConfig" time="0.0">
    <ignored/>
  </testcase> <!-- @AfterSuite asConfig -->
  <testcase classname="com.vtiger.genericLibrary.BaseClass" name="@AfterSuite asConfig" time="0.0">
    <ignored/>
  </testcase> <!-- @AfterSuite asConfig -->
  <testcase classname="com.vtiger.genericLibrary.BaseClass" name="@AfterSuite asConfig" time="0.0">
    <ignored/>
  </testcase> <!-- @AfterSuite asConfig -->
  <testcase classname="com.vtiger.genericLibrary.BaseClass" name="@BeforeSuite bsConfig" time="0.0">
    <ignored/>
  </testcase> <!-- @BeforeSuite bsConfig -->
  <testcase classname="com.vtiger.genericLibrary.BaseClass" name="@BeforeSuite bsConfig" time="0.0">
    <ignored/>
  </testcase> <!-- @BeforeSuite bsConfig -->
  <testcase classname="com.vtiger.genericLibrary.BaseClass" name="@BeforeSuite bsConfig" time="0.0">
    <ignored/>
  </testcase> <!-- @BeforeSuite bsConfig -->
  <testcase classname="com.vtiger.genericLibrary.BaseClass" name="@BeforeSuite bsConfig" time="0.0">
    <ignored/>
  </testcase> <!-- @BeforeSuite bsConfig -->
</testsuite> <!-- TestRunner-2 -->
